<?xml version="1.0" encoding="UTF-8"?>
<testsuite name="org.example.grpc.stream.GrpcClientService2Test" tests="1" skipped="0" failures="0" errors="0" timestamp="2023-05-10T01:12:49" hostname="DESKTOP-JFMERJQ" time="0.07">
  <properties/>
  <testcase name="streamingService()" classname="org.example.grpc.stream.GrpcClientService2Test" time="0.07"/>
  <system-out><![CDATA[]]></system-out>
  <system-err><![CDATA[]]></system-err>
</testsuite>
